______________________________

Patch ver  DB User    Current Date         OS User         NLS Language    DB Name                                                                                                                      
---------- ---------- -------------------- --------------- --------------- ---------------                                                                                                              
1          A_YUREV_ST 04.04.2020 13:21:20  a.yurev         AMERICAN_CIS.AL qw                                                                                                                           
           UDY                                             32UTF8                                                                                                                                       
                                                                                                                                                                                                        

______________________________
================
>>>> others/_others.sql

product_seq.sq

Sequence created.

>>>> tables/_tables.sql

product.tab

Table created.


Table altered.


Table altered.


Comment created.


Comment created.


Comment created.


Comment created.

>>>> packages/_packages.sql

product_api_pack.spc

Package created.

product_api_pack.bdy

Package body created.

test_product_api_pack.spc

Package created.

test_product_api_pack.bdy

Package body created.

Run unit tests


COLUMN_VALUE                                                                                                                                                                                            
--------------------------------------------------------------------------------------------------------------------------------------------------------------------------------------------------------
shop                                                                                                                                                                                                    
  Test product_api_pack                                                                                                                                                                                 
    Создание продукта с валидными параметрами должно быть успешно [,008 sec]                                                                                                                            
    Создание продукта с null наименованием должно завершиться ошибкой [,002 sec]                                                                                                                        
    Создание продукта с null стоимостью должно завершиться ошибкой [,002 sec]                                                                                                                           
    Создание продукта с отрицательной стоимостью должно завершиться ошибкой [,002 sec]                                                                                                                  
    Изменение данных продукта с валидными параметрами должно быть успешно [,003 sec]                                                                                                                    
    Изменение данных продукта с null наименованием должно завершиться ошибкой [,002 sec]                                                                                                                
    Изменение данных продукта с null стоимостью должно завершиться ошибкой [,003 sec]                                                                                                                   
    Изменение данных продукта с отрицательной стоимостью должно завершиться ошибкой [,003 sec]                                                                                                          
    Изменение данных продукта c null id должно завершиться ошибкой [,002 sec]                                                                                                                           

COLUMN_VALUE                                                                                                                                                                                            
--------------------------------------------------------------------------------------------------------------------------------------------------------------------------------------------------------
    Изменение данных несуществующего продукта должно завершиться ошибкой [,002 sec]                                                                                                                     
    Удаление существующего продукта должно быть успешно [,003 sec]                                                                                                                                      
    Удаление несуществующего продукта должно быть успешно [,003 sec]                                                                                                                                    
    Удаление продукта c null id должно завершиться ошибкой [,004 sec]                                                                                                                                   
                                                                                                                                                                                                        
Finished in ,089987 seconds                                                                                                                                                                             
13 tests, 0 failed, 0 errored, 0 disabled, 0 warning(s)                                                                                                                                                 
                                                                                                                                                                                                        

19 rows selected.

================

Patch was successfull installed
